Arguments: 
  /usr/local/bin/node /Users/nigelbook/.node/corepack/yarn/1.22.15/bin/yarn.js

PATH: 
  /Users/nigelbook/.amplify/bin:/usr/local/bin:/usr/bin:/bin:/usr/sbin:/sbin:/Users/nigelbook/.amplify/bin:/Users/nigelbook/.foundry/bin:/Users/nigelbook/.foundry/bin

Yarn version: 
  1.22.15

Node version: 
  16.13.1

Platform: 
  darwin arm64

Trace: 
  Error: ENOENT: no such file or directory, open '/Users/nigelbook/Dumbie/dumbie/.yarnclean'

npm manifest: 
  {
    "name": "webdumbie",
    "version": "0.1.0",
    "private": true,
    "dependencies": {
      "@babel/runtime": "^7.18.9",
      "@coinbase/wallet-sdk": "^3.5.2",
      "@testing-library/jest-dom": "^5.14.1",
      "@testing-library/react": "^13.0.0",
      "@testing-library/user-event": "^13.2.1",
      "buffer": "^6.0.3",
      "connectkit": "^0.0.1",
      "ethers": "^5.6.9",
      "json-rpc-engine": "^6.1.0",
      "keccak256": "^1.0.6",
      "merkletreejs": "^0.2.32",
      "react": "^18.2.0",
      "react-dom": "^18.2.0",
      "react-icon": "^1.0.0",
      "react-scripts": "5.0.1",
      "video-react": "^0.15.0",
      "wagmi": "^0.6.2",
      "web-vitals": "^2.1.0"
    },
    "scripts": {
      "start": "react-scripts start",
      "build": "react-scripts build",
      "test": "react-scripts test",
      "eject": "react-scripts eject"
    },
    "eslintConfig": {
      "extends": [
        "react-app",
        "react-app/jest"
      ]
    },
    "browserslist": {
      "production": [
        ">0.2%",
        "not dead",
        "not op_mini all"
      ],
      "development": [
        "last 1 chrome version",
        "last 1 firefox version",
        "last 1 safari version"
      ]
    }
  }

yarn manifest: 
  No manifest

Lockfile: 
  No lockfile
